<?xml version="1.0" encoding="UTF-8"?>
<!-- Generated by org.testng.reporters.JUnitXMLReporter -->
<testsuite hostname="EGDM1-ABaiomy" ignored="16" name="Suite" tests="40" failures="0" timestamp="02 Jan 2020 11:00:50 GMT" time="1054.368" errors="0">
  <testcase name="CheckLogin" time="0.453" classname="CRUDTests.AnnualIncomeCRUDTest"/>
  <testcase name="CheckSaveTestCase" time="53.548" classname="CRUDTests.AnnualIncomeCRUDTest"/>
  <testcase name="checkUpdateTestCase" time="6.211" classname="CRUDTests.AnnualIncomeCRUDTest"/>
  <testcase name="checkDeleteTestCase" time="10.082" classname="CRUDTests.AnnualIncomeCRUDTest"/>
  <testcase name="checkFilterArea" time="28.079" classname="CRUDTests.AnnualIncomeCRUDTest"/>
  <testcase name="checkRetrieveAllAndPaging" time="2.409" classname="CRUDTests.AnnualIncomeCRUDTest"/>
  <testcase name="checkFilterArea" time="50.533" classname="CRUDTests.BusinessPartiesCRUDTest"/>
  <testcase name="checkRetrieveAllAndPaging" time="2.573" classname="CRUDTests.BusinessPartiesCRUDTest"/>
  <testcase name="CheckSaveTestCase" time="57.171" classname="CRUDTests.CommitteesCRUDTest"/>
  <testcase name="checkUpdateTestCase" time="12.292" classname="CRUDTests.CommitteesCRUDTest"/>
  <testcase name="checkDeleteTestCase" time="18.083" classname="CRUDTests.CommitteesCRUDTest"/>
  <testcase name="checkFilterArea" time="28.149" classname="CRUDTests.CommitteesCRUDTest"/>
  <testcase name="checkRetrieveAllAndPaging" time="5.689" classname="CRUDTests.CommitteesCRUDTest"/>
  <testcase name="CheckSaveTestCase" time="20.439" classname="CRUDTests.CommitteesMeetingsCRUDTest"/>
  <testcase name="checkUpdateTestCase" time="1.111" classname="CRUDTests.CommitteesMeetingsCRUDTest"/>
  <testcase name="checkDeleteTestCase" time="13.077" classname="CRUDTests.CommitteesMeetingsCRUDTest"/>
  <testcase name="checkFilterArea" time="29.385" classname="CRUDTests.CommitteesMeetingsCRUDTest"/>
  <testcase name="checkRetrieveAllAndPaging" time="2.438" classname="CRUDTests.CommitteesMeetingsCRUDTest"/>
  <testcase name="CheckSaveTestCase" time="258.986" classname="CRUDTests.CompaniesCRUDTest"/>
  <testcase name="checkUpdateTestCase" time="1.46" classname="CRUDTests.CompaniesCRUDTest"/>
  <testcase name="checkDeleteTestCase" time="10.077" classname="CRUDTests.CompaniesCRUDTest"/>
  <testcase name="checkFilterArea" time="34.917" classname="CRUDTests.CompaniesCRUDTest"/>
  <testcase name="checkRetrieveAllAndPaging" time="2.49" classname="CRUDTests.CompaniesCRUDTest"/>
  <testcase name="checkFilterArea" time="54.771" classname="CRUDTests.CorporateFinanciersCRUDTest"/>
  <testcase name="checkRetrieveAllAndPaging" time="9.232" classname="CRUDTests.CorporateFinanciersCRUDTest"/>
  <testcase name="CheckSaveTestCase" time="21.833" classname="CRUDTests.CurrenciesCRUDTest"/>
  <testcase name="checkUpdateTestCase" time="11.448" classname="CRUDTests.CurrenciesCRUDTest"/>
  <testcase name="checkDeleteTestCase" time="8.157" classname="CRUDTests.CurrenciesCRUDTest"/>
  <testcase name="checkFilterArea" time="54.089" classname="CRUDTests.CurrenciesCRUDTest"/>
  <testcase name="checkRetrieveAllAndPaging" time="2.49" classname="CRUDTests.CurrenciesCRUDTest"/>
  <testcase name="CheckSaveTestCase" time="23.867" classname="CRUDTests.DocumentTypesCRUDTest"/>
  <testcase name="updateData" time="1.113" classname="CRUDTests.DocumentTypesCRUDTest"/>
  <testcase name="deleteData" time="15.09" classname="CRUDTests.DocumentTypesCRUDTest"/>
  <testcase name="filterByRecords" time="49.338" classname="CRUDTests.DocumentTypesCRUDTest"/>
  <testcase name="retrieveAllAndPaging" time="32.161" classname="CRUDTests.DocumentTypesCRUDTest"/>
  <testcase name="CheckSaveTestCase" time="29.534" classname="CRUDTests.IDTypesCRUDTest"/>
  <testcase name="checkUpdateTestCase" time="1.136" classname="CRUDTests.IDTypesCRUDTest"/>
  <testcase name="checkDeleteTestCase" time="15.076" classname="CRUDTests.IDTypesCRUDTest"/>
  <testcase name="checkFilterArea" time="47.286" classname="CRUDTests.IDTypesCRUDTest"/>
  <testcase name="checkRetrieveAllAndPaging" time="27.576" classname="CRUDTests.IDTypesCRUDTest"/>
  <testcase name="@AfterSuite stopDriver" time="0.0" classname="Tests.TestBase">
    <ignored/>
  </testcase> <!-- @AfterSuite stopDriver -->
  <testcase name="@AfterSuite stopDriver" time="0.0" classname="Tests.TestBase">
    <ignored/>
  </testcase> <!-- @AfterSuite stopDriver -->
  <testcase name="@AfterSuite stopDriver" time="0.0" classname="Tests.TestBase">
    <ignored/>
  </testcase> <!-- @AfterSuite stopDriver -->
  <testcase name="@AfterSuite stopDriver" time="0.0" classname="Tests.TestBase">
    <ignored/>
  </testcase> <!-- @AfterSuite stopDriver -->
  <testcase name="@AfterSuite stopDriver" time="0.0" classname="Tests.TestBase">
    <ignored/>
  </testcase> <!-- @AfterSuite stopDriver -->
  <testcase name="@AfterSuite stopDriver" time="0.0" classname="Tests.TestBase">
    <ignored/>
  </testcase> <!-- @AfterSuite stopDriver -->
  <testcase name="@AfterSuite stopDriver" time="0.0" classname="Tests.TestBase">
    <ignored/>
  </testcase> <!-- @AfterSuite stopDriver -->
  <testcase name="@AfterSuite stopDriver" time="0.0" classname="Tests.TestBase">
    <ignored/>
  </testcase> <!-- @AfterSuite stopDriver -->
  <testcase name="@BeforeSuite startDriver" time="0.0" classname="Tests.TestBase">
    <ignored/>
  </testcase> <!-- @BeforeSuite startDriver -->
  <testcase name="@BeforeSuite startDriver" time="0.0" classname="Tests.TestBase">
    <ignored/>
  </testcase> <!-- @BeforeSuite startDriver -->
  <testcase name="@BeforeSuite startDriver" time="0.0" classname="Tests.TestBase">
    <ignored/>
  </testcase> <!-- @BeforeSuite startDriver -->
  <testcase name="@BeforeSuite startDriver" time="0.0" classname="Tests.TestBase">
    <ignored/>
  </testcase> <!-- @BeforeSuite startDriver -->
  <testcase name="@BeforeSuite startDriver" time="0.0" classname="Tests.TestBase">
    <ignored/>
  </testcase> <!-- @BeforeSuite startDriver -->
  <testcase name="@BeforeSuite startDriver" time="0.0" classname="Tests.TestBase">
    <ignored/>
  </testcase> <!-- @BeforeSuite startDriver -->
  <testcase name="@BeforeSuite startDriver" time="0.0" classname="Tests.TestBase">
    <ignored/>
  </testcase> <!-- @BeforeSuite startDriver -->
  <testcase name="@BeforeSuite startDriver" time="0.0" classname="Tests.TestBase">
    <ignored/>
  </testcase> <!-- @BeforeSuite startDriver -->
</testsuite> <!-- Suite -->
