<?xml version="1.0" encoding="UTF-8"?>
<!-- Generated by org.testng.reporters.JUnitXMLReporter -->
<testsuite hostname="EGDM1-ABaiomy" ignored="16" name="Suite" tests="40" failures="0" timestamp="30 Dec 2019 09:27:06 GMT" time="970.875" errors="0">
  <testcase name="CheckLogin" time="0.587" classname="CRUDTests.AnnualIncomeCRUDTest"/>
  <testcase name="CheckSaveTestCase" time="49.164" classname="CRUDTests.AnnualIncomeCRUDTest"/>
  <testcase name="checkUpdateTestCase" time="6.231" classname="CRUDTests.AnnualIncomeCRUDTest"/>
  <testcase name="checkDeleteTestCase" time="10.095" classname="CRUDTests.AnnualIncomeCRUDTest"/>
  <testcase name="checkFilterArea" time="27.619" classname="CRUDTests.AnnualIncomeCRUDTest"/>
  <testcase name="checkRetrieveAllAndPaging" time="2.449" classname="CRUDTests.AnnualIncomeCRUDTest"/>
  <testcase name="checkFilterArea" time="56.58" classname="CRUDTests.BusinessPartiesCRUDTest"/>
  <testcase name="checkRetrieveAllAndPaging" time="2.58" classname="CRUDTests.BusinessPartiesCRUDTest"/>
  <testcase name="CheckSaveTestCase" time="51.271" classname="CRUDTests.CommitteesCRUDTest"/>
  <testcase name="checkUpdateTestCase" time="12.355" classname="CRUDTests.CommitteesCRUDTest"/>
  <testcase name="checkDeleteTestCase" time="18.075" classname="CRUDTests.CommitteesCRUDTest"/>
  <testcase name="checkFilterArea" time="28.523" classname="CRUDTests.CommitteesCRUDTest"/>
  <testcase name="checkRetrieveAllAndPaging" time="5.614" classname="CRUDTests.CommitteesCRUDTest"/>
  <testcase name="CheckSaveTestCase" time="25.061" classname="CRUDTests.CommitteesMeetingsCRUDTest"/>
  <testcase name="checkUpdateTestCase" time="1.109" classname="CRUDTests.CommitteesMeetingsCRUDTest"/>
  <testcase name="checkDeleteTestCase" time="18.087" classname="CRUDTests.CommitteesMeetingsCRUDTest"/>
  <testcase name="checkFilterArea" time="49.397" classname="CRUDTests.CommitteesMeetingsCRUDTest"/>
  <testcase name="checkRetrieveAllAndPaging" time="27.54" classname="CRUDTests.CommitteesMeetingsCRUDTest"/>
  <testcase name="CheckSaveTestCase" time="271.198" classname="CRUDTests.CompaniesCRUDTest"/>
  <testcase name="checkUpdateTestCase" time="1.402" classname="CRUDTests.CompaniesCRUDTest"/>
  <testcase name="checkDeleteTestCase" time="15.094" classname="CRUDTests.CompaniesCRUDTest"/>
  <testcase name="checkFilterArea" time="28.006" classname="CRUDTests.CompaniesCRUDTest"/>
  <testcase name="checkRetrieveAllAndPaging" time="2.439" classname="CRUDTests.CompaniesCRUDTest"/>
  <testcase name="checkFilterArea" time="52.738" classname="CRUDTests.CorporateFinanciersCRUDTest"/>
  <testcase name="checkRetrieveAllAndPaging" time="7.338" classname="CRUDTests.CorporateFinanciersCRUDTest"/>
  <testcase name="CheckSaveTestCase" time="20.58" classname="CRUDTests.CurrenciesCRUDTest"/>
  <testcase name="checkUpdateTestCase" time="11.717" classname="CRUDTests.CurrenciesCRUDTest"/>
  <testcase name="checkDeleteTestCase" time="8.156" classname="CRUDTests.CurrenciesCRUDTest"/>
  <testcase name="checkFilterArea" time="32.773" classname="CRUDTests.CurrenciesCRUDTest"/>
  <testcase name="checkRetrieveAllAndPaging" time="2.476" classname="CRUDTests.CurrenciesCRUDTest"/>
  <testcase name="CheckSaveTestCase" time="20.522" classname="CRUDTests.DocumentTypesCRUDTest"/>
  <testcase name="updateData" time="1.135" classname="CRUDTests.DocumentTypesCRUDTest"/>
  <testcase name="deleteData" time="10.086" classname="CRUDTests.DocumentTypesCRUDTest"/>
  <testcase name="filterByRecords" time="27.89" classname="CRUDTests.DocumentTypesCRUDTest"/>
  <testcase name="retrieveAllAndPaging" time="5.263" classname="CRUDTests.DocumentTypesCRUDTest"/>
  <testcase name="CheckSaveTestCase" time="18.239" classname="CRUDTests.IDTypesCRUDTest"/>
  <testcase name="checkUpdateTestCase" time="1.159" classname="CRUDTests.IDTypesCRUDTest"/>
  <testcase name="checkDeleteTestCase" time="10.075" classname="CRUDTests.IDTypesCRUDTest"/>
  <testcase name="checkFilterArea" time="27.347" classname="CRUDTests.IDTypesCRUDTest"/>
  <testcase name="checkRetrieveAllAndPaging" time="2.338" classname="CRUDTests.IDTypesCRUDTest"/>
  <testcase name="@AfterSuite stopDriver" time="0.0" classname="Tests.TestBase">
    <ignored/>
  </testcase> <!-- @AfterSuite stopDriver -->
  <testcase name="@AfterSuite stopDriver" time="0.0" classname="Tests.TestBase">
    <ignored/>
  </testcase> <!-- @AfterSuite stopDriver -->
  <testcase name="@AfterSuite stopDriver" time="0.0" classname="Tests.TestBase">
    <ignored/>
  </testcase> <!-- @AfterSuite stopDriver -->
  <testcase name="@AfterSuite stopDriver" time="0.0" classname="Tests.TestBase">
    <ignored/>
  </testcase> <!-- @AfterSuite stopDriver -->
  <testcase name="@AfterSuite stopDriver" time="0.0" classname="Tests.TestBase">
    <ignored/>
  </testcase> <!-- @AfterSuite stopDriver -->
  <testcase name="@AfterSuite stopDriver" time="0.0" classname="Tests.TestBase">
    <ignored/>
  </testcase> <!-- @AfterSuite stopDriver -->
  <testcase name="@AfterSuite stopDriver" time="0.0" classname="Tests.TestBase">
    <ignored/>
  </testcase> <!-- @AfterSuite stopDriver -->
  <testcase name="@AfterSuite stopDriver" time="0.0" classname="Tests.TestBase">
    <ignored/>
  </testcase> <!-- @AfterSuite stopDriver -->
  <testcase name="@BeforeSuite startDriver" time="0.0" classname="Tests.TestBase">
    <ignored/>
  </testcase> <!-- @BeforeSuite startDriver -->
  <testcase name="@BeforeSuite startDriver" time="0.0" classname="Tests.TestBase">
    <ignored/>
  </testcase> <!-- @BeforeSuite startDriver -->
  <testcase name="@BeforeSuite startDriver" time="0.0" classname="Tests.TestBase">
    <ignored/>
  </testcase> <!-- @BeforeSuite startDriver -->
  <testcase name="@BeforeSuite startDriver" time="0.0" classname="Tests.TestBase">
    <ignored/>
  </testcase> <!-- @BeforeSuite startDriver -->
  <testcase name="@BeforeSuite startDriver" time="0.0" classname="Tests.TestBase">
    <ignored/>
  </testcase> <!-- @BeforeSuite startDriver -->
  <testcase name="@BeforeSuite startDriver" time="0.0" classname="Tests.TestBase">
    <ignored/>
  </testcase> <!-- @BeforeSuite startDriver -->
  <testcase name="@BeforeSuite startDriver" time="0.0" classname="Tests.TestBase">
    <ignored/>
  </testcase> <!-- @BeforeSuite startDriver -->
  <testcase name="@BeforeSuite startDriver" time="0.0" classname="Tests.TestBase">
    <ignored/>
  </testcase> <!-- @BeforeSuite startDriver -->
</testsuite> <!-- Suite -->
